ARM GAS  /tmp/ccBjw8SQ.s 			page 1


   1              		.cpu cortex-m3
   2              		.eabi_attribute 20, 1
   3              		.eabi_attribute 21, 1
   4              		.eabi_attribute 23, 3
   5              		.eabi_attribute 24, 1
   6              		.eabi_attribute 25, 1
   7              		.eabi_attribute 26, 1
   8              		.eabi_attribute 30, 1
   9              		.eabi_attribute 34, 1
  10              		.eabi_attribute 18, 4
  11              		.file	"i2c.c"
  12              		.text
  13              	.Ltext0:
  14              		.cfi_sections	.debug_frame
  15              		.section	.text.MX_I2C1_Init,"ax",%progbits
  16              		.align	1
  17              		.global	MX_I2C1_Init
  18              		.syntax unified
  19              		.thumb
  20              		.thumb_func
  21              		.fpu softvfp
  23              	MX_I2C1_Init:
  24              	.LFB66:
  25              		.file 1 "Src/i2c.c"
   1:Src/i2c.c     **** /**
   2:Src/i2c.c     ****   ******************************************************************************
   3:Src/i2c.c     ****   * File Name          : I2C.c
   4:Src/i2c.c     ****   * Description        : This file provides code for the configuration
   5:Src/i2c.c     ****   *                      of the I2C instances.
   6:Src/i2c.c     ****   ******************************************************************************
   7:Src/i2c.c     ****   ** This notice applies to any and all portions of this file
   8:Src/i2c.c     ****   * that are not between comment pairs USER CODE BEGIN and
   9:Src/i2c.c     ****   * USER CODE END. Other portions of this file, whether 
  10:Src/i2c.c     ****   * inserted by the user or by software development tools
  11:Src/i2c.c     ****   * are owned by their respective copyright owners.
  12:Src/i2c.c     ****   *
  13:Src/i2c.c     ****   * COPYRIGHT(c) 2019 STMicroelectronics
  14:Src/i2c.c     ****   *
  15:Src/i2c.c     ****   * Redistribution and use in source and binary forms, with or without modification,
  16:Src/i2c.c     ****   * are permitted provided that the following conditions are met:
  17:Src/i2c.c     ****   *   1. Redistributions of source code must retain the above copyright notice,
  18:Src/i2c.c     ****   *      this list of conditions and the following disclaimer.
  19:Src/i2c.c     ****   *   2. Redistributions in binary form must reproduce the above copyright notice,
  20:Src/i2c.c     ****   *      this list of conditions and the following disclaimer in the documentation
  21:Src/i2c.c     ****   *      and/or other materials provided with the distribution.
  22:Src/i2c.c     ****   *   3. Neither the name of STMicroelectronics nor the names of its contributors
  23:Src/i2c.c     ****   *      may be used to endorse or promote products derived from this software
  24:Src/i2c.c     ****   *      without specific prior written permission.
  25:Src/i2c.c     ****   *
  26:Src/i2c.c     ****   * THIS SOFTWARE IS PROVIDED BY THE COPYRIGHT HOLDERS AND CONTRIBUTORS "AS IS"
  27:Src/i2c.c     ****   * AND ANY EXPRESS OR IMPLIED WARRANTIES, INCLUDING, BUT NOT LIMITED TO, THE
  28:Src/i2c.c     ****   * IMPLIED WARRANTIES OF MERCHANTABILITY AND FITNESS FOR A PARTICULAR PURPOSE ARE
  29:Src/i2c.c     ****   * DISCLAIMED. IN NO EVENT SHALL THE COPYRIGHT HOLDER OR CONTRIBUTORS BE LIABLE
  30:Src/i2c.c     ****   * FOR ANY DIRECT, INDIRECT, INCIDENTAL, SPECIAL, EXEMPLARY, OR CONSEQUENTIAL
  31:Src/i2c.c     ****   * DAMAGES (INCLUDING, BUT NOT LIMITED TO, PROCUREMENT OF SUBSTITUTE GOODS OR
  32:Src/i2c.c     ****   * SERVICES; LOSS OF USE, DATA, OR PROFITS; OR BUSINESS INTERRUPTION) HOWEVER
  33:Src/i2c.c     ****   * CAUSED AND ON ANY THEORY OF LIABILITY, WHETHER IN CONTRACT, STRICT LIABILITY,
ARM GAS  /tmp/ccBjw8SQ.s 			page 2


  34:Src/i2c.c     ****   * OR TORT (INCLUDING NEGLIGENCE OR OTHERWISE) ARISING IN ANY WAY OUT OF THE USE
  35:Src/i2c.c     ****   * OF THIS SOFTWARE, EVEN IF ADVISED OF THE POSSIBILITY OF SUCH DAMAGE.
  36:Src/i2c.c     ****   *
  37:Src/i2c.c     ****   ******************************************************************************
  38:Src/i2c.c     ****   */
  39:Src/i2c.c     **** 
  40:Src/i2c.c     **** /* Includes ------------------------------------------------------------------*/
  41:Src/i2c.c     **** #include "i2c.h"
  42:Src/i2c.c     **** 
  43:Src/i2c.c     **** /* USER CODE BEGIN 0 */
  44:Src/i2c.c     **** 
  45:Src/i2c.c     **** /* USER CODE END 0 */
  46:Src/i2c.c     **** 
  47:Src/i2c.c     **** I2C_HandleTypeDef hi2c1;
  48:Src/i2c.c     **** 
  49:Src/i2c.c     **** /* I2C1 init function */
  50:Src/i2c.c     **** void MX_I2C1_Init(void)
  51:Src/i2c.c     **** {
  26              		.loc 1 51 0
  27              		.cfi_startproc
  28              		@ args = 0, pretend = 0, frame = 0
  29              		@ frame_needed = 0, uses_anonymous_args = 0
  30 0000 08B5     		push	{r3, lr}
  31              	.LCFI0:
  32              		.cfi_def_cfa_offset 8
  33              		.cfi_offset 3, -8
  34              		.cfi_offset 14, -4
  52:Src/i2c.c     **** 
  53:Src/i2c.c     ****   hi2c1.Instance = I2C1;
  35              		.loc 1 53 0
  36 0002 0B48     		ldr	r0, .L5
  37 0004 0B4B     		ldr	r3, .L5+4
  38 0006 0360     		str	r3, [r0]
  54:Src/i2c.c     ****   hi2c1.Init.ClockSpeed = 100000;
  39              		.loc 1 54 0
  40 0008 0B4B     		ldr	r3, .L5+8
  41 000a 4360     		str	r3, [r0, #4]
  55:Src/i2c.c     ****   hi2c1.Init.DutyCycle = I2C_DUTYCYCLE_2;
  42              		.loc 1 55 0
  43 000c 0023     		movs	r3, #0
  44 000e 8360     		str	r3, [r0, #8]
  56:Src/i2c.c     ****   hi2c1.Init.OwnAddress1 = 0;
  45              		.loc 1 56 0
  46 0010 C360     		str	r3, [r0, #12]
  57:Src/i2c.c     ****   hi2c1.Init.AddressingMode = I2C_ADDRESSINGMODE_7BIT;
  47              		.loc 1 57 0
  48 0012 4FF48042 		mov	r2, #16384
  49 0016 0261     		str	r2, [r0, #16]
  58:Src/i2c.c     ****   hi2c1.Init.DualAddressMode = I2C_DUALADDRESS_DISABLE;
  50              		.loc 1 58 0
  51 0018 4361     		str	r3, [r0, #20]
  59:Src/i2c.c     ****   hi2c1.Init.OwnAddress2 = 0;
  52              		.loc 1 59 0
  53 001a 8361     		str	r3, [r0, #24]
  60:Src/i2c.c     ****   hi2c1.Init.GeneralCallMode = I2C_GENERALCALL_DISABLE;
  54              		.loc 1 60 0
  55 001c C361     		str	r3, [r0, #28]
ARM GAS  /tmp/ccBjw8SQ.s 			page 3


  61:Src/i2c.c     ****   hi2c1.Init.NoStretchMode = I2C_NOSTRETCH_DISABLE;
  56              		.loc 1 61 0
  57 001e 0362     		str	r3, [r0, #32]
  62:Src/i2c.c     ****   if (HAL_I2C_Init(&hi2c1) != HAL_OK)
  58              		.loc 1 62 0
  59 0020 FFF7FEFF 		bl	HAL_I2C_Init
  60              	.LVL0:
  61 0024 00B9     		cbnz	r0, .L4
  62              	.L1:
  63:Src/i2c.c     ****   {
  64:Src/i2c.c     ****     Error_Handler();
  65:Src/i2c.c     ****   }
  66:Src/i2c.c     **** 
  67:Src/i2c.c     **** }
  63              		.loc 1 67 0
  64 0026 08BD     		pop	{r3, pc}
  65              	.L4:
  64:Src/i2c.c     ****   }
  66              		.loc 1 64 0
  67 0028 FFF7FEFF 		bl	Error_Handler
  68              	.LVL1:
  69              		.loc 1 67 0
  70 002c FBE7     		b	.L1
  71              	.L6:
  72 002e 00BF     		.align	2
  73              	.L5:
  74 0030 00000000 		.word	hi2c1
  75 0034 00540040 		.word	1073763328
  76 0038 A0860100 		.word	100000
  77              		.cfi_endproc
  78              	.LFE66:
  80              		.section	.text.HAL_I2C_MspInit,"ax",%progbits
  81              		.align	1
  82              		.global	HAL_I2C_MspInit
  83              		.syntax unified
  84              		.thumb
  85              		.thumb_func
  86              		.fpu softvfp
  88              	HAL_I2C_MspInit:
  89              	.LFB67:
  68:Src/i2c.c     **** 
  69:Src/i2c.c     **** void HAL_I2C_MspInit(I2C_HandleTypeDef* i2cHandle)
  70:Src/i2c.c     **** {
  90              		.loc 1 70 0
  91              		.cfi_startproc
  92              		@ args = 0, pretend = 0, frame = 24
  93              		@ frame_needed = 0, uses_anonymous_args = 0
  94              	.LVL2:
  95 0000 10B5     		push	{r4, lr}
  96              	.LCFI1:
  97              		.cfi_def_cfa_offset 8
  98              		.cfi_offset 4, -8
  99              		.cfi_offset 14, -4
 100 0002 86B0     		sub	sp, sp, #24
 101              	.LCFI2:
 102              		.cfi_def_cfa_offset 32
  71:Src/i2c.c     **** 
ARM GAS  /tmp/ccBjw8SQ.s 			page 4


  72:Src/i2c.c     ****   GPIO_InitTypeDef GPIO_InitStruct = {0};
 103              		.loc 1 72 0
 104 0004 0023     		movs	r3, #0
 105 0006 0293     		str	r3, [sp, #8]
 106 0008 0393     		str	r3, [sp, #12]
 107 000a 0493     		str	r3, [sp, #16]
 108 000c 0593     		str	r3, [sp, #20]
  73:Src/i2c.c     ****   if(i2cHandle->Instance==I2C1)
 109              		.loc 1 73 0
 110 000e 0268     		ldr	r2, [r0]
 111 0010 114B     		ldr	r3, .L11
 112 0012 9A42     		cmp	r2, r3
 113 0014 01D0     		beq	.L10
 114              	.LVL3:
 115              	.L7:
  74:Src/i2c.c     ****   {
  75:Src/i2c.c     ****   /* USER CODE BEGIN I2C1_MspInit 0 */
  76:Src/i2c.c     **** 
  77:Src/i2c.c     ****   /* USER CODE END I2C1_MspInit 0 */
  78:Src/i2c.c     ****   
  79:Src/i2c.c     ****     __HAL_RCC_GPIOB_CLK_ENABLE();
  80:Src/i2c.c     ****     /**I2C1 GPIO Configuration    
  81:Src/i2c.c     ****     PB6     ------> I2C1_SCL
  82:Src/i2c.c     ****     PB7     ------> I2C1_SDA 
  83:Src/i2c.c     ****     */
  84:Src/i2c.c     ****     GPIO_InitStruct.Pin = GPIO_PIN_6|GPIO_PIN_7;
  85:Src/i2c.c     ****     GPIO_InitStruct.Mode = GPIO_MODE_AF_OD;
  86:Src/i2c.c     ****     GPIO_InitStruct.Speed = GPIO_SPEED_FREQ_HIGH;
  87:Src/i2c.c     ****     HAL_GPIO_Init(GPIOB, &GPIO_InitStruct);
  88:Src/i2c.c     **** 
  89:Src/i2c.c     ****     /* I2C1 clock enable */
  90:Src/i2c.c     ****     __HAL_RCC_I2C1_CLK_ENABLE();
  91:Src/i2c.c     ****   /* USER CODE BEGIN I2C1_MspInit 1 */
  92:Src/i2c.c     **** 
  93:Src/i2c.c     ****   /* USER CODE END I2C1_MspInit 1 */
  94:Src/i2c.c     ****   }
  95:Src/i2c.c     **** }
 116              		.loc 1 95 0
 117 0016 06B0     		add	sp, sp, #24
 118              	.LCFI3:
 119              		.cfi_remember_state
 120              		.cfi_def_cfa_offset 8
 121              		@ sp needed
 122 0018 10BD     		pop	{r4, pc}
 123              	.LVL4:
 124              	.L10:
 125              	.LCFI4:
 126              		.cfi_restore_state
 127              	.LBB2:
  79:Src/i2c.c     ****     /**I2C1 GPIO Configuration    
 128              		.loc 1 79 0
 129 001a 104C     		ldr	r4, .L11+4
 130 001c A369     		ldr	r3, [r4, #24]
 131 001e 43F00803 		orr	r3, r3, #8
 132 0022 A361     		str	r3, [r4, #24]
 133 0024 A369     		ldr	r3, [r4, #24]
 134 0026 03F00803 		and	r3, r3, #8
ARM GAS  /tmp/ccBjw8SQ.s 			page 5


 135 002a 0093     		str	r3, [sp]
 136 002c 009B     		ldr	r3, [sp]
 137              	.LBE2:
  84:Src/i2c.c     ****     GPIO_InitStruct.Mode = GPIO_MODE_AF_OD;
 138              		.loc 1 84 0
 139 002e C023     		movs	r3, #192
 140 0030 0293     		str	r3, [sp, #8]
  85:Src/i2c.c     ****     GPIO_InitStruct.Speed = GPIO_SPEED_FREQ_HIGH;
 141              		.loc 1 85 0
 142 0032 1223     		movs	r3, #18
 143 0034 0393     		str	r3, [sp, #12]
  86:Src/i2c.c     ****     HAL_GPIO_Init(GPIOB, &GPIO_InitStruct);
 144              		.loc 1 86 0
 145 0036 0323     		movs	r3, #3
 146 0038 0593     		str	r3, [sp, #20]
  87:Src/i2c.c     **** 
 147              		.loc 1 87 0
 148 003a 02A9     		add	r1, sp, #8
 149 003c 0848     		ldr	r0, .L11+8
 150              	.LVL5:
 151 003e FFF7FEFF 		bl	HAL_GPIO_Init
 152              	.LVL6:
 153              	.LBB3:
  90:Src/i2c.c     ****   /* USER CODE BEGIN I2C1_MspInit 1 */
 154              		.loc 1 90 0
 155 0042 E369     		ldr	r3, [r4, #28]
 156 0044 43F40013 		orr	r3, r3, #2097152
 157 0048 E361     		str	r3, [r4, #28]
 158 004a E369     		ldr	r3, [r4, #28]
 159 004c 03F40013 		and	r3, r3, #2097152
 160 0050 0193     		str	r3, [sp, #4]
 161 0052 019B     		ldr	r3, [sp, #4]
 162              	.LBE3:
 163              		.loc 1 95 0
 164 0054 DFE7     		b	.L7
 165              	.L12:
 166 0056 00BF     		.align	2
 167              	.L11:
 168 0058 00540040 		.word	1073763328
 169 005c 00100240 		.word	1073876992
 170 0060 000C0140 		.word	1073810432
 171              		.cfi_endproc
 172              	.LFE67:
 174              		.section	.text.HAL_I2C_MspDeInit,"ax",%progbits
 175              		.align	1
 176              		.global	HAL_I2C_MspDeInit
 177              		.syntax unified
 178              		.thumb
 179              		.thumb_func
 180              		.fpu softvfp
 182              	HAL_I2C_MspDeInit:
 183              	.LFB68:
  96:Src/i2c.c     **** 
  97:Src/i2c.c     **** void HAL_I2C_MspDeInit(I2C_HandleTypeDef* i2cHandle)
  98:Src/i2c.c     **** {
 184              		.loc 1 98 0
 185              		.cfi_startproc
ARM GAS  /tmp/ccBjw8SQ.s 			page 6


 186              		@ args = 0, pretend = 0, frame = 0
 187              		@ frame_needed = 0, uses_anonymous_args = 0
 188              	.LVL7:
 189 0000 08B5     		push	{r3, lr}
 190              	.LCFI5:
 191              		.cfi_def_cfa_offset 8
 192              		.cfi_offset 3, -8
 193              		.cfi_offset 14, -4
  99:Src/i2c.c     **** 
 100:Src/i2c.c     ****   if(i2cHandle->Instance==I2C1)
 194              		.loc 1 100 0
 195 0002 0268     		ldr	r2, [r0]
 196 0004 064B     		ldr	r3, .L17
 197 0006 9A42     		cmp	r2, r3
 198 0008 00D0     		beq	.L16
 199              	.LVL8:
 200              	.L13:
 101:Src/i2c.c     ****   {
 102:Src/i2c.c     ****   /* USER CODE BEGIN I2C1_MspDeInit 0 */
 103:Src/i2c.c     **** 
 104:Src/i2c.c     ****   /* USER CODE END I2C1_MspDeInit 0 */
 105:Src/i2c.c     ****     /* Peripheral clock disable */
 106:Src/i2c.c     ****     __HAL_RCC_I2C1_CLK_DISABLE();
 107:Src/i2c.c     ****   
 108:Src/i2c.c     ****     /**I2C1 GPIO Configuration    
 109:Src/i2c.c     ****     PB6     ------> I2C1_SCL
 110:Src/i2c.c     ****     PB7     ------> I2C1_SDA 
 111:Src/i2c.c     ****     */
 112:Src/i2c.c     ****     HAL_GPIO_DeInit(GPIOB, GPIO_PIN_6|GPIO_PIN_7);
 113:Src/i2c.c     **** 
 114:Src/i2c.c     ****   /* USER CODE BEGIN I2C1_MspDeInit 1 */
 115:Src/i2c.c     **** 
 116:Src/i2c.c     ****   /* USER CODE END I2C1_MspDeInit 1 */
 117:Src/i2c.c     ****   }
 118:Src/i2c.c     **** } 
 201              		.loc 1 118 0
 202 000a 08BD     		pop	{r3, pc}
 203              	.LVL9:
 204              	.L16:
 106:Src/i2c.c     ****   
 205              		.loc 1 106 0
 206 000c 054A     		ldr	r2, .L17+4
 207 000e D369     		ldr	r3, [r2, #28]
 208 0010 23F40013 		bic	r3, r3, #2097152
 209 0014 D361     		str	r3, [r2, #28]
 112:Src/i2c.c     **** 
 210              		.loc 1 112 0
 211 0016 C021     		movs	r1, #192
 212 0018 0348     		ldr	r0, .L17+8
 213              	.LVL10:
 214 001a FFF7FEFF 		bl	HAL_GPIO_DeInit
 215              	.LVL11:
 216              		.loc 1 118 0
 217 001e F4E7     		b	.L13
 218              	.L18:
 219              		.align	2
 220              	.L17:
ARM GAS  /tmp/ccBjw8SQ.s 			page 7


 221 0020 00540040 		.word	1073763328
 222 0024 00100240 		.word	1073876992
 223 0028 000C0140 		.word	1073810432
 224              		.cfi_endproc
 225              	.LFE68:
 227              		.comm	hi2c1,84,4
 228              		.text
 229              	.Letext0:
 230              		.file 2 "/home/logic/_workspace/STM32Toolchain/gcc-arm-none-eabi-7-2018-q2-update/arm-none-eabi/in
 231              		.file 3 "/home/logic/_workspace/STM32Toolchain/gcc-arm-none-eabi-7-2018-q2-update/arm-none-eabi/in
 232              		.file 4 "Drivers/CMSIS/Include/core_cm3.h"
 233              		.file 5 "Drivers/CMSIS/Device/ST/STM32F1xx/Include/system_stm32f1xx.h"
 234              		.file 6 "Drivers/CMSIS/Device/ST/STM32F1xx/Include/stm32f103xb.h"
 235              		.file 7 "/home/logic/_workspace/STM32Toolchain/gcc-arm-none-eabi-7-2018-q2-update/arm-none-eabi/in
 236              		.file 8 "/home/logic/_workspace/STM32Toolchain/gcc-arm-none-eabi-7-2018-q2-update/arm-none-eabi/in
 237              		.file 9 "/home/logic/_workspace/STM32Toolchain/gcc-arm-none-eabi-7-2018-q2-update/lib/gcc/arm-none
 238              		.file 10 "/home/logic/_workspace/STM32Toolchain/gcc-arm-none-eabi-7-2018-q2-update/arm-none-eabi/i
 239              		.file 11 "Drivers/STM32F1xx_HAL_Driver/Inc/stm32f1xx_hal_def.h"
 240              		.file 12 "Drivers/STM32F1xx_HAL_Driver/Inc/stm32f1xx_hal_gpio.h"
 241              		.file 13 "Drivers/STM32F1xx_HAL_Driver/Inc/stm32f1xx_hal_dma.h"
 242              		.file 14 "Drivers/STM32F1xx_HAL_Driver/Inc/stm32f1xx_hal_i2c.h"
 243              		.file 15 "Drivers/STM32F1xx_HAL_Driver/Inc/stm32f1xx_hal.h"
 244              		.file 16 "Inc/i2c.h"
 245              		.file 17 "Inc/main.h"
ARM GAS  /tmp/ccBjw8SQ.s 			page 8


DEFINED SYMBOLS
                            *ABS*:0000000000000000 i2c.c
     /tmp/ccBjw8SQ.s:16     .text.MX_I2C1_Init:0000000000000000 $t
     /tmp/ccBjw8SQ.s:23     .text.MX_I2C1_Init:0000000000000000 MX_I2C1_Init
     /tmp/ccBjw8SQ.s:74     .text.MX_I2C1_Init:0000000000000030 $d
                            *COM*:0000000000000054 hi2c1
     /tmp/ccBjw8SQ.s:81     .text.HAL_I2C_MspInit:0000000000000000 $t
     /tmp/ccBjw8SQ.s:88     .text.HAL_I2C_MspInit:0000000000000000 HAL_I2C_MspInit
     /tmp/ccBjw8SQ.s:168    .text.HAL_I2C_MspInit:0000000000000058 $d
     /tmp/ccBjw8SQ.s:175    .text.HAL_I2C_MspDeInit:0000000000000000 $t
     /tmp/ccBjw8SQ.s:182    .text.HAL_I2C_MspDeInit:0000000000000000 HAL_I2C_MspDeInit
     /tmp/ccBjw8SQ.s:221    .text.HAL_I2C_MspDeInit:0000000000000020 $d

UNDEFINED SYMBOLS
HAL_I2C_Init
Error_Handler
HAL_GPIO_Init
HAL_GPIO_DeInit
